<?xml version="1.0" encoding="UTF-8"?>
<!-- Generated by org.testng.reporters.JUnitXMLReporter -->
<testsuite ignored="0" hostname="bdc7-l-42861y6" failures="0" tests="0" time="0.164" errors="0" timestamp="2025-01-21T10:29:53 IST">
  <testcase classname="ZendeskAutomationMain.EEPPortal_InitialTest" name="@BeforeTest driverInitiation" time="0.139">
    <failure type="java.lang.AbstractMethodError" message="Receiver class org.openqa.selenium.edge.EdgeDriverService$Builder does not define or inherit an implementation of the resolved method &amp;apos;abstract java.io.File findDefaultExecutable()&amp;apos; of abstract class org.openqa.selenium.remote.service.DriverService$Builder.">
      <![CDATA[java.lang.AbstractMethodError: Receiver class org.openqa.selenium.edge.EdgeDriverService$Builder does not define or inherit an implementation of the resolved method 'abstract java.io.File findDefaultExecutable()' of abstract class org.openqa.selenium.remote.service.DriverService$Builder.
at org.openqa.selenium.remote.service.DriverService$Builder.build(DriverService.java:355)
at org.openqa.selenium.edge.EdgeDriver.<init>(EdgeDriver.java:48)
at a3_Selenium_GenericMethods.PortalGenericMethods2.IntiateDriver(PortalGenericMethods2.java:155)
at ZendeskAutomationMain.EEPPortal_InitialTest.driverInitiation(EEPPortal_InitialTest.java:39)
at java.base/jdk.internal.reflect.DirectMethodHandleAccessor.invoke(DirectMethodHandleAccessor.java:103)
at java.base/java.lang.reflect.Method.invoke(Method.java:580)
at org.testng.internal.invokers.MethodInvocationHelper.invokeMethod(MethodInvocationHelper.java:141)
at org.testng.internal.invokers.MethodInvocationHelper.invokeMethodConsideringTimeout(MethodInvocationHelper.java:71)
at org.testng.internal.invokers.ConfigInvoker.invokeConfigurationMethod(ConfigInvoker.java:400)
at org.testng.internal.invokers.ConfigInvoker.invokeConfigurations(ConfigInvoker.java:333)
at org.testng.TestRunner.invokeTestConfigurations(TestRunner.java:655)
at org.testng.TestRunner.beforeRun(TestRunner.java:644)
at org.testng.TestRunner.run(TestRunner.java:610)
at org.testng.SuiteRunner.runTest(SuiteRunner.java:421)
at org.testng.SuiteRunner.runSequentially(SuiteRunner.java:413)
at org.testng.SuiteRunner.privateRun(SuiteRunner.java:373)
at org.testng.SuiteRunner.run(SuiteRunner.java:312)
at org.testng.SuiteRunnerWorker.runSuite(SuiteRunnerWorker.java:52)
at org.testng.SuiteRunnerWorker.run(SuiteRunnerWorker.java:95)
at org.testng.TestNG.runSuitesSequentially(TestNG.java:1274)
at org.testng.TestNG.runSuitesLocally(TestNG.java:1208)
at org.testng.TestNG.runSuites(TestNG.java:1112)
at org.testng.TestNG.run(TestNG.java:1079)
at org.testng.remote.AbstractRemoteTestNG.run(AbstractRemoteTestNG.java:115)
at org.testng.remote.RemoteTestNG.initAndRun(RemoteTestNG.java:293)
at org.testng.remote.RemoteTestNG.main(RemoteTestNG.java:91)
]]>
    </failure>
  </testcase> <!-- @BeforeTest driverInitiation -->
  <testcase classname="ZendeskAutomationMain.EEPPortal_InitialTest" name="@AfterTest CLOSE" time="0.0">
    <skipped/>
  </testcase> <!-- @AfterTest CLOSE -->
</testsuite>
