<?xml version="1.0" encoding="UTF-8"?>
<!-- Generated by org.testng.reporters.JUnitXMLReporter -->
<testsuite hostname="bdc7-l-42861y6" failures="0" tests="1" name="EEP Test" time="1.547" errors="0" timestamp="10 Jan 2025 07:21:26 GMT">
  <testcase classname="ZendeskAutomationMain.EEPPortal_InitialTest" name="@BeforeTest driverInitiation" time="0.0">
    <failure type="java.lang.AbstractMethodError" message="Receiver class org.openqa.selenium.edge.EdgeDriverService$Builder does not define or inherit an implementation of the resolved method &amp;apos;abstract java.io.File findDefaultExecutable()&amp;apos; of abstract class org.openqa.selenium.remote.service.DriverService$Builder.">
      <![CDATA[java.lang.AbstractMethodError: Receiver class org.openqa.selenium.edge.EdgeDriverService$Builder does not define or inherit an implementation of the resolved method 'abstract java.io.File findDefaultExecutable()' of abstract class org.openqa.selenium.remote.service.DriverService$Builder.
	at org.openqa.selenium.remote.service.DriverService$Builder.build(DriverService.java:355)
	at org.openqa.selenium.edge.EdgeDriver.<init>(EdgeDriver.java:48)
	at org.openqa.selenium.edge.EdgeDriver.<init>(EdgeDriver.java:44)
	at a3_Selenium_GenericMethods.PortalGenericMethods2.IntiateDriver(PortalGenericMethods2.java:187)
	at ZendeskAutomationMain.EEPPortal_InitialTest.driverInitiation(EEPPortal_InitialTest.java:36)
	at java.base/jdk.internal.reflect.DirectMethodHandleAccessor.invoke(DirectMethodHandleAccessor.java:103)
	at java.base/java.lang.reflect.Method.invoke(Method.java:580)
	at org.testng.internal.MethodInvocationHelper.invokeMethod(MethodInvocationHelper.java:86)
	at org.testng.internal.Invoker.invokeConfigurationMethod(Invoker.java:514)
	at org.testng.internal.Invoker.invokeConfigurations(Invoker.java:215)
	at org.testng.internal.Invoker.invokeConfigurations(Invoker.java:142)
	at org.testng.TestRunner.beforeRun(TestRunner.java:656)
	at org.testng.TestRunner.run(TestRunner.java:624)
	at org.testng.SuiteRunner.runTest(SuiteRunner.java:366)
	at org.testng.SuiteRunner.runSequentially(SuiteRunner.java:361)
	at org.testng.SuiteRunner.privateRun(SuiteRunner.java:319)
	at org.testng.SuiteRunner.run(SuiteRunner.java:268)
	at org.testng.SuiteRunnerWorker.runSuite(SuiteRunnerWorker.java:52)
	at org.testng.SuiteRunnerWorker.run(SuiteRunnerWorker.java:86)
	at org.testng.TestNG.runSuitesSequentially(TestNG.java:1244)
	at org.testng.TestNG.runSuitesLocally(TestNG.java:1169)
	at org.testng.TestNG.run(TestNG.java:1064)
	at org.testng.remote.AbstractRemoteTestNG.run(AbstractRemoteTestNG.java:115)
	at org.testng.remote.RemoteTestNG.initAndRun(RemoteTestNG.java:293)
	at org.testng.remote.RemoteTestNG.main(RemoteTestNG.java:91)
]]>
    </failure>
  </testcase> <!-- @BeforeTest driverInitiation -->
  <testcase classname="ZendeskAutomationMain.EEPPortal_InitialTest" name="@AfterTest CLOSE" time="0.0">
    <skipped/>
  </testcase> <!-- @AfterTest CLOSE -->
  <testcase classname="ZendeskAutomationMain.EEPPortal_InitialTest" name="Second_Employer_Eform_Verification" time="0.001">
    <skipped/>
  </testcase> <!-- Second_Employer_Eform_Verification -->
</testsuite> <!-- EEP Test -->
