<?xml version="1.0" encoding="UTF-8"?>
<testng-results ignored="0" total="0" passed="0" failed="0" skipped="0">
  <reporter-output>
  </reporter-output>
  <suite started-at="2025-01-21T13:56:16 IST" name="Zendesk Suite" finished-at="2025-01-21T13:56:25 IST" duration-ms="8823">
    <groups>
    </groups>
    <test started-at="2025-01-21T13:56:16 IST" name="EEP Test" finished-at="2025-01-21T13:56:25 IST" duration-ms="8823">
      <class name="ZendeskAutomationMain.EEPPortal_InitialTest">
        <test-method is-config="true" signature="driverInitiation(java.lang.String,java.lang.String)[pri:0, instance:ZendeskAutomationMain.EEPPortal_InitialTest@3cc1435c]" started-at="2025-01-21T13:56:16 IST" name="driverInitiation" finished-at="2025-01-21T13:56:25 IST" duration-ms="8804" status="PASS">
          <params>
            <param index="0">
              <value>
                <![CDATA[Edge]]>
              </value>
            </param>
            <param index="1">
              <value>
                <![CDATA[https://myhr-lindeuat.zendesk.com]]>
              </value>
            </param>
          </params>
          <reporter-output>
          </reporter-output>
        </test-method> <!-- driverInitiation -->
        <test-method is-config="true" signature="CLOSE()[pri:0, instance:ZendeskAutomationMain.EEPPortal_InitialTest@3cc1435c]" started-at="2025-01-21T13:56:25 IST" name="CLOSE" finished-at="2025-01-21T13:56:25 IST" duration-ms="2" status="PASS">
          <reporter-output>
          </reporter-output>
        </test-method> <!-- CLOSE -->
      </class> <!-- ZendeskAutomationMain.EEPPortal_InitialTest -->
    </test> <!-- EEP Test -->
  </suite> <!-- Zendesk Suite -->
</testng-results>
