<?xml version="1.0" encoding="UTF-8"?>
<testng-results ignored="0" total="0" passed="0" failed="0" skipped="0">
  <reporter-output>
  </reporter-output>
  <suite started-at="2025-01-21T10:29:53 IST" name="Zendesk Suite" finished-at="2025-01-21T10:29:53 IST" duration-ms="164">
    <groups>
    </groups>
    <test started-at="2025-01-21T10:29:53 IST" name="EEP Test" finished-at="2025-01-21T10:29:53 IST" duration-ms="164">
      <class name="ZendeskAutomationMain.EEPPortal_InitialTest">
        <test-method is-config="true" signature="driverInitiation(java.lang.String,java.lang.String)[pri:0, instance:ZendeskAutomationMain.EEPPortal_InitialTest@16eb3ea3]" started-at="2025-01-21T10:29:53 IST" name="driverInitiation" finished-at="2025-01-21T10:29:53 IST" duration-ms="139" status="FAIL">
          <params>
            <param index="0">
              <value>
                <![CDATA[Edge]]>
              </value>
            </param>
            <param index="1">
              <value>
                <![CDATA[https://myhr-lindeuat.zendesk.com]]>
              </value>
            </param>
          </params>
          <exception class="java.lang.AbstractMethodError">
            <message>
              <![CDATA[Receiver class org.openqa.selenium.edge.EdgeDriverService$Builder does not define or inherit an implementation of the resolved method 'abstract java.io.File findDefaultExecutable()' of abstract class org.openqa.selenium.remote.service.DriverService$Builder.]]>
            </message>
            <full-stacktrace>
              <![CDATA[java.lang.AbstractMethodError: Receiver class org.openqa.selenium.edge.EdgeDriverService$Builder does not define or inherit an implementation of the resolved method 'abstract java.io.File findDefaultExecutable()' of abstract class org.openqa.selenium.remote.service.DriverService$Builder.
at org.openqa.selenium.remote.service.DriverService$Builder.build(DriverService.java:355)
at org.openqa.selenium.edge.EdgeDriver.<init>(EdgeDriver.java:48)
at a3_Selenium_GenericMethods.PortalGenericMethods2.IntiateDriver(PortalGenericMethods2.java:155)
at ZendeskAutomationMain.EEPPortal_InitialTest.driverInitiation(EEPPortal_InitialTest.java:39)
at java.base/jdk.internal.reflect.DirectMethodHandleAccessor.invoke(DirectMethodHandleAccessor.java:103)
at java.base/java.lang.reflect.Method.invoke(Method.java:580)
at org.testng.internal.invokers.MethodInvocationHelper.invokeMethod(MethodInvocationHelper.java:141)
at org.testng.internal.invokers.MethodInvocationHelper.invokeMethodConsideringTimeout(MethodInvocationHelper.java:71)
at org.testng.internal.invokers.ConfigInvoker.invokeConfigurationMethod(ConfigInvoker.java:400)
at org.testng.internal.invokers.ConfigInvoker.invokeConfigurations(ConfigInvoker.java:333)
at org.testng.TestRunner.invokeTestConfigurations(TestRunner.java:655)
at org.testng.TestRunner.beforeRun(TestRunner.java:644)
at org.testng.TestRunner.run(TestRunner.java:610)
at org.testng.SuiteRunner.runTest(SuiteRunner.java:421)
at org.testng.SuiteRunner.runSequentially(SuiteRunner.java:413)
at org.testng.SuiteRunner.privateRun(SuiteRunner.java:373)
at org.testng.SuiteRunner.run(SuiteRunner.java:312)
at org.testng.SuiteRunnerWorker.runSuite(SuiteRunnerWorker.java:52)
at org.testng.SuiteRunnerWorker.run(SuiteRunnerWorker.java:95)
at org.testng.TestNG.runSuitesSequentially(TestNG.java:1274)
at org.testng.TestNG.runSuitesLocally(TestNG.java:1208)
at org.testng.TestNG.runSuites(TestNG.java:1112)
at org.testng.TestNG.run(TestNG.java:1079)
at org.testng.remote.AbstractRemoteTestNG.run(AbstractRemoteTestNG.java:115)
at org.testng.remote.RemoteTestNG.initAndRun(RemoteTestNG.java:293)
at org.testng.remote.RemoteTestNG.main(RemoteTestNG.java:91)
]]>
            </full-stacktrace>
          </exception> <!-- java.lang.AbstractMethodError -->
          <reporter-output>
          </reporter-output>
        </test-method> <!-- driverInitiation -->
        <test-method is-config="true" signature="CLOSE()[pri:0, instance:ZendeskAutomationMain.EEPPortal_InitialTest@16eb3ea3]" started-at="2025-01-21T10:29:53 IST" name="CLOSE" finished-at="2025-01-21T10:29:53 IST" duration-ms="0" status="SKIP">
          <reporter-output>
          </reporter-output>
        </test-method> <!-- CLOSE -->
      </class> <!-- ZendeskAutomationMain.EEPPortal_InitialTest -->
    </test> <!-- EEP Test -->
  </suite> <!-- Zendesk Suite -->
</testng-results>
